{"C:\\FERI\\0MAG 1. semester\\RIRS\\Vaje\\Aplikacija-za-vodenje-potnih-stroskov\\backend\\db.js": {"path":"C:\\FERI\\0MAG 1. semester\\RIRS\\Vaje\\Aplikacija-za-vodenje-potnih-stroskov\\backend\\db.js","statementMap":{"0":{"start":{"line":1,"column":14},"end":{"line":1,"column":39}},"1":{"start":{"line":2,"column":23},"end":{"line":2,"column":44}},"2":{"start":{"line":4,"column":0},"end":{"line":6,"column":3}},"3":{"start":{"line":8,"column":11},"end":{"line":8,"column":28}},"4":{"start":{"line":9,"column":0},"end":{"line":9,"column":49}},"5":{"start":{"line":12,"column":0},"end":{"line":12,"column":20}}},"fnMap":{},"branchMap":{},"s":{"0":2,"1":2,"2":2,"3":2,"4":2,"5":2},"f":{},"b":{},"_coverageSchema":"1a1c01bbd47fc00a2c39e90264f33305004495a9","hash":"dfb9d5ac6b7a41bcfa5d6e50184ff68a2985ff28"}
,"C:\\FERI\\0MAG 1. semester\\RIRS\\Vaje\\Aplikacija-za-vodenje-potnih-stroskov\\backend\\controllers\\userController.js": {"path":"C:\\FERI\\0MAG 1. semester\\RIRS\\Vaje\\Aplikacija-za-vodenje-potnih-stroskov\\backend\\controllers\\userController.js","statementMap":{"0":{"start":{"line":1,"column":15},"end":{"line":1,"column":32}},"1":{"start":{"line":2,"column":13},"end":{"line":2,"column":38}},"2":{"start":{"line":5,"column":46},"end":{"line":5,"column":54}},"3":{"start":{"line":7,"column":2},"end":{"line":9,"column":3}},"4":{"start":{"line":8,"column":4},"end":{"line":8,"column":79}},"5":{"start":{"line":11,"column":2},"end":{"line":26,"column":3}},"6":{"start":{"line":12,"column":23},"end":{"line":12,"column":25}},"7":{"start":{"line":13,"column":27},"end":{"line":13,"column":63}},"8":{"start":{"line":15,"column":25},"end":{"line":21,"column":5}},"9":{"start":{"line":23,"column":4},"end":{"line":23,"column":54}},"10":{"start":{"line":25,"column":4},"end":{"line":25,"column":53}},"11":{"start":{"line":30,"column":2},"end":{"line":35,"column":3}},"12":{"start":{"line":31,"column":23},"end":{"line":31,"column":42}},"13":{"start":{"line":32,"column":4},"end":{"line":32,"column":37}},"14":{"start":{"line":34,"column":4},"end":{"line":34,"column":53}},"15":{"start":{"line":39,"column":20},"end":{"line":39,"column":30}},"16":{"start":{"line":40,"column":2},"end":{"line":42,"column":3}},"17":{"start":{"line":41,"column":4},"end":{"line":41,"column":70}},"18":{"start":{"line":44,"column":2},"end":{"line":52,"column":3}},"19":{"start":{"line":45,"column":22},"end":{"line":45,"column":47}},"20":{"start":{"line":46,"column":4},"end":{"line":48,"column":5}},"21":{"start":{"line":47,"column":6},"end":{"line":47,"column":69}},"22":{"start":{"line":49,"column":4},"end":{"line":49,"column":36}},"23":{"start":{"line":51,"column":4},"end":{"line":51,"column":53}},"24":{"start":{"line":56,"column":20},"end":{"line":56,"column":30}},"25":{"start":{"line":57,"column":22},"end":{"line":57,"column":30}},"26":{"start":{"line":59,"column":2},"end":{"line":61,"column":3}},"27":{"start":{"line":60,"column":4},"end":{"line":60,"column":70}},"28":{"start":{"line":63,"column":2},"end":{"line":68,"column":3}},"29":{"start":{"line":64,"column":21},"end":{"line":64,"column":55}},"30":{"start":{"line":65,"column":4},"end":{"line":65,"column":35}},"31":{"start":{"line":67,"column":4},"end":{"line":67,"column":53}},"32":{"start":{"line":72,"column":20},"end":{"line":72,"column":30}},"33":{"start":{"line":73,"column":2},"end":{"line":81,"column":3}},"34":{"start":{"line":74,"column":22},"end":{"line":74,"column":46}},"35":{"start":{"line":75,"column":4},"end":{"line":77,"column":5}},"36":{"start":{"line":76,"column":6},"end":{"line":76,"column":69}},"37":{"start":{"line":78,"column":4},"end":{"line":78,"column":68}},"38":{"start":{"line":80,"column":4},"end":{"line":80,"column":53}},"39":{"start":{"line":84,"column":0},"end":{"line":90,"column":2}}},"fnMap":{"0":{"name":"dodajUporabnika","decl":{"start":{"line":4,"column":15},"end":{"line":4,"column":30}},"loc":{"start":{"line":4,"column":41},"end":{"line":27,"column":1}},"line":4},"1":{"name":"vsiUporabniki","decl":{"start":{"line":29,"column":15},"end":{"line":29,"column":28}},"loc":{"start":{"line":29,"column":39},"end":{"line":36,"column":1}},"line":29},"2":{"name":"najdiUporabnika","decl":{"start":{"line":38,"column":15},"end":{"line":38,"column":30}},"loc":{"start":{"line":38,"column":41},"end":{"line":53,"column":1}},"line":38},"3":{"name":"spremeniUporabnika","decl":{"start":{"line":55,"column":15},"end":{"line":55,"column":33}},"loc":{"start":{"line":55,"column":44},"end":{"line":69,"column":1}},"line":55},"4":{"name":"izbrisiUporabnika","decl":{"start":{"line":71,"column":15},"end":{"line":71,"column":32}},"loc":{"start":{"line":71,"column":43},"end":{"line":82,"column":1}},"line":71}},"branchMap":{"0":{"loc":{"start":{"line":7,"column":2},"end":{"line":9,"column":3}},"type":"if","locations":[{"start":{"line":7,"column":2},"end":{"line":9,"column":3}},{"start":{},"end":{}}],"line":7},"1":{"loc":{"start":{"line":7,"column":6},"end":{"line":7,"column":50}},"type":"binary-expr","locations":[{"start":{"line":7,"column":6},"end":{"line":7,"column":10}},{"start":{"line":7,"column":14},"end":{"line":7,"column":22}},{"start":{"line":7,"column":26},"end":{"line":7,"column":32}},{"start":{"line":7,"column":36},"end":{"line":7,"column":42}},{"start":{"line":7,"column":46},"end":{"line":7,"column":50}}],"line":7},"2":{"loc":{"start":{"line":40,"column":2},"end":{"line":42,"column":3}},"type":"if","locations":[{"start":{"line":40,"column":2},"end":{"line":42,"column":3}},{"start":{},"end":{}}],"line":40},"3":{"loc":{"start":{"line":46,"column":4},"end":{"line":48,"column":5}},"type":"if","locations":[{"start":{"line":46,"column":4},"end":{"line":48,"column":5}},{"start":{},"end":{}}],"line":46},"4":{"loc":{"start":{"line":59,"column":2},"end":{"line":61,"column":3}},"type":"if","locations":[{"start":{"line":59,"column":2},"end":{"line":61,"column":3}},{"start":{},"end":{}}],"line":59},"5":{"loc":{"start":{"line":75,"column":4},"end":{"line":77,"column":5}},"type":"if","locations":[{"start":{"line":75,"column":4},"end":{"line":77,"column":5}},{"start":{},"end":{}}],"line":75}},"s":{"0":1,"1":1,"2":2,"3":2,"4":1,"5":1,"6":1,"7":1,"8":1,"9":1,"10":0,"11":0,"12":0,"13":0,"14":0,"15":0,"16":0,"17":0,"18":0,"19":0,"20":0,"21":0,"22":0,"23":0,"24":0,"25":0,"26":0,"27":0,"28":0,"29":0,"30":0,"31":0,"32":0,"33":0,"34":0,"35":0,"36":0,"37":0,"38":0,"39":1},"f":{"0":2,"1":0,"2":0,"3":0,"4":0},"b":{"0":[1,1],"1":[2,2,2,2,1],"2":[0,0],"3":[0,0],"4":[0,0],"5":[0,0]},"_coverageSchema":"1a1c01bbd47fc00a2c39e90264f33305004495a9","hash":"dd24fb24f74b6e7c8fd2ec4d713055d51a015bbc"}
,"C:\\FERI\\0MAG 1. semester\\RIRS\\Vaje\\Aplikacija-za-vodenje-potnih-stroskov\\backend\\models\\user.js": {"path":"C:\\FERI\\0MAG 1. semester\\RIRS\\Vaje\\Aplikacija-za-vodenje-potnih-stroskov\\backend\\models\\user.js","statementMap":{"0":{"start":{"line":1,"column":11},"end":{"line":1,"column":27}},"1":{"start":{"line":2,"column":25},"end":{"line":2,"column":58}},"2":{"start":{"line":4,"column":17},"end":{"line":7,"column":1}},"3":{"start":{"line":11,"column":4},"end":{"line":33,"column":5}},"4":{"start":{"line":12,"column":6},"end":{"line":14,"column":7}},"5":{"start":{"line":13,"column":8},"end":{"line":13,"column":53}},"6":{"start":{"line":16,"column":29},"end":{"line":16,"column":54}},"7":{"start":{"line":18,"column":17},"end":{"line":18,"column":22}},"8":{"start":{"line":19,"column":27},"end":{"line":25,"column":7}},"9":{"start":{"line":27,"column":6},"end":{"line":27,"column":60}},"10":{"start":{"line":28,"column":6},"end":{"line":28,"column":74}},"11":{"start":{"line":30,"column":6},"end":{"line":32,"column":8}},"12":{"start":{"line":37,"column":4},"end":{"line":51,"column":5}},"13":{"start":{"line":38,"column":28},"end":{"line":38,"column":55}},"14":{"start":{"line":39,"column":23},"end":{"line":39,"column":48}},"15":{"start":{"line":40,"column":25},"end":{"line":40,"column":27}},"16":{"start":{"line":41,"column":6},"end":{"line":44,"column":9}},"17":{"start":{"line":42,"column":26},"end":{"line":42,"column":28}},"18":{"start":{"line":43,"column":8},"end":{"line":43,"column":36}},"19":{"start":{"line":46,"column":6},"end":{"line":46,"column":24}},"20":{"start":{"line":48,"column":6},"end":{"line":50,"column":8}},"21":{"start":{"line":55,"column":4},"end":{"line":65,"column":5}},"22":{"start":{"line":56,"column":27},"end":{"line":56,"column":62}},"23":{"start":{"line":57,"column":23},"end":{"line":57,"column":47}},"24":{"start":{"line":58,"column":24},"end":{"line":58,"column":39}},"25":{"start":{"line":60,"column":6},"end":{"line":60,"column":23}},"26":{"start":{"line":62,"column":6},"end":{"line":64,"column":8}},"27":{"start":{"line":69,"column":4},"end":{"line":93,"column":5}},"28":{"start":{"line":70,"column":27},"end":{"line":70,"column":62}},"29":{"start":{"line":71,"column":23},"end":{"line":71,"column":47}},"30":{"start":{"line":72,"column":24},"end":{"line":72,"column":39}},"31":{"start":{"line":73,"column":6},"end":{"line":75,"column":7}},"32":{"start":{"line":74,"column":8},"end":{"line":74,"column":48}},"33":{"start":{"line":77,"column":6},"end":{"line":79,"column":7}},"34":{"start":{"line":78,"column":8},"end":{"line":78,"column":66}},"35":{"start":{"line":81,"column":27},"end":{"line":84,"column":7}},"36":{"start":{"line":86,"column":6},"end":{"line":86,"column":66}},"37":{"start":{"line":88,"column":6},"end":{"line":88,"column":61}},"38":{"start":{"line":90,"column":6},"end":{"line":92,"column":8}},"39":{"start":{"line":97,"column":4},"end":{"line":111,"column":5}},"40":{"start":{"line":98,"column":27},"end":{"line":98,"column":62}},"41":{"start":{"line":99,"column":23},"end":{"line":99,"column":47}},"42":{"start":{"line":100,"column":24},"end":{"line":100,"column":39}},"43":{"start":{"line":101,"column":6},"end":{"line":103,"column":7}},"44":{"start":{"line":102,"column":8},"end":{"line":102,"column":48}},"45":{"start":{"line":104,"column":6},"end":{"line":104,"column":57}},"46":{"start":{"line":106,"column":6},"end":{"line":106,"column":54}},"47":{"start":{"line":108,"column":6},"end":{"line":110,"column":8}},"48":{"start":{"line":115,"column":4},"end":{"line":130,"column":5}},"49":{"start":{"line":116,"column":28},"end":{"line":116,"column":55}},"50":{"start":{"line":117,"column":20},"end":{"line":119,"column":40}},"51":{"start":{"line":121,"column":23},"end":{"line":121,"column":40}},"52":{"start":{"line":122,"column":25},"end":{"line":122,"column":27}},"53":{"start":{"line":123,"column":6},"end":{"line":125,"column":9}},"54":{"start":{"line":124,"column":8},"end":{"line":124,"column":36}},"55":{"start":{"line":127,"column":6},"end":{"line":127,"column":24}},"56":{"start":{"line":129,"column":6},"end":{"line":129,"column":80}},"57":{"start":{"line":134,"column":4},"end":{"line":154,"column":5}},"58":{"start":{"line":135,"column":28},"end":{"line":139,"column":14}},"59":{"start":{"line":141,"column":6},"end":{"line":143,"column":7}},"60":{"start":{"line":142,"column":8},"end":{"line":142,"column":20}},"61":{"start":{"line":145,"column":22},"end":{"line":145,"column":43}},"62":{"start":{"line":146,"column":23},"end":{"line":146,"column":37}},"63":{"start":{"line":148,"column":6},"end":{"line":151,"column":8}},"64":{"start":{"line":153,"column":6},"end":{"line":153,"column":92}},"65":{"start":{"line":158,"column":0},"end":{"line":158,"column":22}}},"fnMap":{"0":{"name":"(anonymous_0)","decl":{"start":{"line":10,"column":2},"end":{"line":10,"column":3}},"loc":{"start":{"line":10,"column":52},"end":{"line":34,"column":3}},"line":10},"1":{"name":"(anonymous_1)","decl":{"start":{"line":36,"column":2},"end":{"line":36,"column":3}},"loc":{"start":{"line":36,"column":24},"end":{"line":52,"column":3}},"line":36},"2":{"name":"(anonymous_2)","decl":{"start":{"line":41,"column":23},"end":{"line":41,"column":24}},"loc":{"start":{"line":41,"column":32},"end":{"line":44,"column":7}},"line":41},"3":{"name":"(anonymous_3)","decl":{"start":{"line":54,"column":2},"end":{"line":54,"column":3}},"loc":{"start":{"line":54,"column":27},"end":{"line":66,"column":3}},"line":54},"4":{"name":"(anonymous_4)","decl":{"start":{"line":68,"column":2},"end":{"line":68,"column":3}},"loc":{"start":{"line":68,"column":36},"end":{"line":94,"column":3}},"line":68},"5":{"name":"(anonymous_5)","decl":{"start":{"line":96,"column":2},"end":{"line":96,"column":3}},"loc":{"start":{"line":96,"column":26},"end":{"line":112,"column":3}},"line":96},"6":{"name":"(anonymous_6)","decl":{"start":{"line":114,"column":2},"end":{"line":114,"column":3}},"loc":{"start":{"line":114,"column":43},"end":{"line":131,"column":3}},"line":114},"7":{"name":"(anonymous_7)","decl":{"start":{"line":123,"column":23},"end":{"line":123,"column":24}},"loc":{"start":{"line":123,"column":32},"end":{"line":125,"column":7}},"line":123},"8":{"name":"(anonymous_8)","decl":{"start":{"line":133,"column":2},"end":{"line":133,"column":3}},"loc":{"start":{"line":133,"column":33},"end":{"line":155,"column":3}},"line":133}},"branchMap":{"0":{"loc":{"start":{"line":12,"column":6},"end":{"line":14,"column":7}},"type":"if","locations":[{"start":{"line":12,"column":6},"end":{"line":14,"column":7}},{"start":{},"end":{}}],"line":12},"1":{"loc":{"start":{"line":73,"column":6},"end":{"line":75,"column":7}},"type":"if","locations":[{"start":{"line":73,"column":6},"end":{"line":75,"column":7}},{"start":{},"end":{}}],"line":73},"2":{"loc":{"start":{"line":77,"column":6},"end":{"line":79,"column":7}},"type":"if","locations":[{"start":{"line":77,"column":6},"end":{"line":79,"column":7}},{"start":{},"end":{}}],"line":77},"3":{"loc":{"start":{"line":101,"column":6},"end":{"line":103,"column":7}},"type":"if","locations":[{"start":{"line":101,"column":6},"end":{"line":103,"column":7}},{"start":{},"end":{}}],"line":101},"4":{"loc":{"start":{"line":141,"column":6},"end":{"line":143,"column":7}},"type":"if","locations":[{"start":{"line":141,"column":6},"end":{"line":143,"column":7}},{"start":{},"end":{}}],"line":141}},"s":{"0":2,"1":2,"2":2,"3":0,"4":0,"5":0,"6":0,"7":0,"8":0,"9":0,"10":0,"11":0,"12":0,"13":0,"14":0,"15":0,"16":0,"17":0,"18":0,"19":0,"20":0,"21":0,"22":0,"23":0,"24":0,"25":0,"26":0,"27":0,"28":0,"29":0,"30":0,"31":0,"32":0,"33":0,"34":0,"35":0,"36":0,"37":0,"38":0,"39":0,"40":0,"41":0,"42":0,"43":0,"44":0,"45":0,"46":0,"47":0,"48":0,"49":0,"50":0,"51":0,"52":0,"53":0,"54":0,"55":0,"56":0,"57":0,"58":0,"59":0,"60":0,"61":0,"62":0,"63":0,"64":0,"65":2},"f":{"0":0,"1":0,"2":0,"3":0,"4":0,"5":0,"6":0,"7":0,"8":0},"b":{"0":[0,0],"1":[0,0],"2":[0,0],"3":[0,0],"4":[0,0]},"_coverageSchema":"1a1c01bbd47fc00a2c39e90264f33305004495a9","hash":"26f2ef44b566a3b2dd5f0388f420b1aeb0932e4b"}
,"C:\\FERI\\0MAG 1. semester\\RIRS\\Vaje\\Aplikacija-za-vodenje-potnih-stroskov\\backend\\utils\\hash_password.js": {"path":"C:\\FERI\\0MAG 1. semester\\RIRS\\Vaje\\Aplikacija-za-vodenje-potnih-stroskov\\backend\\utils\\hash_password.js","statementMap":{"0":{"start":{"line":1,"column":15},"end":{"line":1,"column":32}},"1":{"start":{"line":4,"column":23},"end":{"line":4,"column":25}},"2":{"start":{"line":5,"column":4},"end":{"line":5,"column":51}},"3":{"start":{"line":8,"column":0},"end":{"line":8,"column":34}}},"fnMap":{"0":{"name":"hashPassword","decl":{"start":{"line":3,"column":15},"end":{"line":3,"column":27}},"loc":{"start":{"line":3,"column":38},"end":{"line":6,"column":1}},"line":3}},"branchMap":{},"s":{"0":3,"1":2,"2":2,"3":3},"f":{"0":2},"b":{},"_coverageSchema":"1a1c01bbd47fc00a2c39e90264f33305004495a9","hash":"0d43dea746af2a70091a0e73d2878f34013b0984"}
}
