TN:
SF:db.js
FNF:0
FNH:0
DA:1,2
DA:2,2
DA:4,2
DA:8,2
DA:9,2
DA:12,2
LF:6
LH:6
BRF:0
BRH:0
end_of_record
TN:
SF:controllers\userController.js
FN:4,dodajUporabnika
FN:29,vsiUporabniki
FN:38,najdiUporabnika
FN:55,spremeniUporabnika
FN:71,izbrisiUporabnika
FNF:5
FNH:1
FNDA:2,dodajUporabnika
FNDA:0,vsiUporabniki
FNDA:0,najdiUporabnika
FNDA:0,spremeniUporabnika
FNDA:0,izbrisiUporabnika
DA:1,1
DA:2,1
DA:5,2
DA:7,2
DA:8,1
DA:11,1
DA:12,1
DA:13,1
DA:15,1
DA:23,1
DA:25,0
DA:30,0
DA:31,0
DA:32,0
DA:34,0
DA:39,0
DA:40,0
DA:41,0
DA:44,0
DA:45,0
DA:46,0
DA:47,0
DA:49,0
DA:51,0
DA:56,0
DA:57,0
DA:59,0
DA:60,0
DA:63,0
DA:64,0
DA:65,0
DA:67,0
DA:72,0
DA:73,0
DA:74,0
DA:75,0
DA:76,0
DA:78,0
DA:80,0
DA:84,1
LF:40
LH:11
BRDA:7,0,0,1
BRDA:7,0,1,1
BRDA:7,1,0,2
BRDA:7,1,1,2
BRDA:7,1,2,2
BRDA:7,1,3,2
BRDA:7,1,4,1
BRDA:40,2,0,0
BRDA:40,2,1,0
BRDA:46,3,0,0
BRDA:46,3,1,0
BRDA:59,4,0,0
BRDA:59,4,1,0
BRDA:75,5,0,0
BRDA:75,5,1,0
BRF:15
BRH:7
end_of_record
TN:
SF:models\user.js
FN:10,(anonymous_0)
FN:36,(anonymous_1)
FN:41,(anonymous_2)
FN:54,(anonymous_3)
FN:68,(anonymous_4)
FN:96,(anonymous_5)
FN:114,(anonymous_6)
FN:123,(anonymous_7)
FN:133,(anonymous_8)
FNF:9
FNH:0
FNDA:0,(anonymous_0)
FNDA:0,(anonymous_1)
FNDA:0,(anonymous_2)
FNDA:0,(anonymous_3)
FNDA:0,(anonymous_4)
FNDA:0,(anonymous_5)
FNDA:0,(anonymous_6)
FNDA:0,(anonymous_7)
FNDA:0,(anonymous_8)
DA:1,2
DA:2,2
DA:4,2
DA:11,0
DA:12,0
DA:13,0
DA:16,0
DA:18,0
DA:19,0
DA:27,0
DA:28,0
DA:30,0
DA:37,0
DA:38,0
DA:39,0
DA:40,0
DA:41,0
DA:42,0
DA:43,0
DA:46,0
DA:48,0
DA:55,0
DA:56,0
DA:57,0
DA:58,0
DA:60,0
DA:62,0
DA:69,0
DA:70,0
DA:71,0
DA:72,0
DA:73,0
DA:74,0
DA:77,0
DA:78,0
DA:81,0
DA:86,0
DA:88,0
DA:90,0
DA:97,0
DA:98,0
DA:99,0
DA:100,0
DA:101,0
DA:102,0
DA:104,0
DA:106,0
DA:108,0
DA:115,0
DA:116,0
DA:117,0
DA:121,0
DA:122,0
DA:123,0
DA:124,0
DA:127,0
DA:129,0
DA:134,0
DA:135,0
DA:141,0
DA:142,0
DA:145,0
DA:146,0
DA:148,0
DA:153,0
DA:158,2
LF:66
LH:4
BRDA:12,0,0,0
BRDA:12,0,1,0
BRDA:73,1,0,0
BRDA:73,1,1,0
BRDA:77,2,0,0
BRDA:77,2,1,0
BRDA:101,3,0,0
BRDA:101,3,1,0
BRDA:141,4,0,0
BRDA:141,4,1,0
BRF:10
BRH:0
end_of_record
TN:
SF:utils\hash_password.js
FN:3,hashPassword
FNF:1
FNH:1
FNDA:2,hashPassword
DA:1,3
DA:4,2
DA:5,2
DA:8,3
LF:4
LH:4
BRF:0
BRH:0
end_of_record
